<?xml version="1.0" encoding="UTF-8"?>
<!-- Generated by org.testng.reporters.JUnitXMLReporter -->
<testsuite ignored="2" hostname="Sri" failures="0" tests="1" name="Default test" time="138.432" errors="0" timestamp="2025-05-07T21:26:50 EDT">
  <testcase classname="recipesTests.Recipescrapper" name="scrapeAndStoreRecipe_single" time="19.049"/>
  <testcase classname="recipesTests.Recipescrapper" name="scrapeAndStoreRecipes" time="0.0">
    <ignored/>
  </testcase> <!-- scrapeAndStoreRecipes -->
  <testcase classname="recipesTests.Recipescrapper" name="Queries" time="0.0">
    <ignored/>
  </testcase> <!-- Queries -->
</testsuite> <!-- Default test -->
